<?xml version="1.0" encoding="UTF-8"?>
<!-- Generated by org.testng.reporters.JUnitReportReporter -->
<testsuite hostname="DESKTOP-5IGHGQV" failures="0" tests="1" name="Practice.PracticeTest.sampletest" time="29.071" errors="0" timestamp="05 Jul 2020 15:57:02 GMT" skipped="0">
  <testcase classname="Practice.PracticeTest.sampletest" name="createsignin" time="29.071"/>
</testsuite> <!-- Practice.PracticeTest.sampletest -->
