<?xml version="1.0" encoding="UTF-8"?>
<!-- Generated by org.testng.reporters.JUnitReportReporter -->
<testsuite skipped="0" hostname="DESKTOP-5IGHGQV" name="Practice.PracticeTest.sampletest" tests="1" failures="0" timestamp="06 Jul 2020 02:54:53 GMT" time="27.602" errors="0">
  <testcase name="createsignin" time="27.602" classname="Practice.PracticeTest.sampletest"/>
</testsuite> <!-- Practice.PracticeTest.sampletest -->
